<?xml version="1.0" encoding="UTF-8"?>
<!-- Generated by org.testng.reporters.JUnitReportReporter -->
<testsuite hostname="DESKTOP-6QR7E27" failures="0" tests="7" name="com.restassuredAutomation.testcases2.TC004_PUT_Employee_Record" time="0.015" errors="0" timestamp="2022-09-09T19:38:24 IST" skipped="0">
  <testcase classname="com.restassuredAutomation.testcases2.TC004_PUT_Employee_Record" name="checkContentType" time="0.001"/>
  <system-out/>
  <testcase classname="com.restassuredAutomation.testcases2.TC004_PUT_Employee_Record" name="checkServerType" time="0.002"/>
  <system-out/>
  <testcase classname="com.restassuredAutomation.testcases2.TC004_PUT_Employee_Record" name="checkStatusLine" time="0.001"/>
  <system-out/>
  <testcase classname="com.restassuredAutomation.testcases2.TC004_PUT_Employee_Record" name="check_responseBody" time="0.006"/>
  <system-out/>
  <testcase classname="com.restassuredAutomation.testcases2.TC004_PUT_Employee_Record" name="checkStatusCode" time="0.002"/>
  <system-out/>
  <testcase classname="com.restassuredAutomation.testcases2.TC004_PUT_Employee_Record" name="checkContentLength" time="0.002"/>
  <system-out/>
  <testcase classname="com.restassuredAutomation.testcases2.TC004_PUT_Employee_Record" name="checkResponseTime" time="0.001"/>
  <system-out/>
</testsuite> <!-- com.restassuredAutomation.testcases2.TC004_PUT_Employee_Record -->
